<?xml version="1.0" encoding="UTF-8" ?>
<testsuite failures="0" time="64.126" errors="0" skipped="0" tests="2" name="com.devwebsphere.wxsutils.TestClientAPIs">
  <properties>
    <property name="java.runtime.name" value="Java(TM) 2 Runtime Environment, Standard Edition"/>
    <property name="sun.boot.library.path" value="/System/Library/Frameworks/JavaVM.framework/Versions/1.6.0/Libraries"/>
    <property name="java.vm.version" value="14.3-b01-101"/>
    <property name="awt.nativeDoubleBuffering" value="true"/>
    <property name="gopherProxySet" value="false"/>
    <property name="com.ibm.CORBA.RasManager" value="com.ibm.websphere.ras.WsOrbRasManager"/>
    <property name="mrj.build" value="10M3025"/>
    <property name="java.vm.vendor" value="Apple Inc."/>
    <property name="java.vendor.url" value="http://www.apple.com/"/>
    <property name="path.separator" value=":"/>
    <property name="java.rmi.server.randomIDs" value="true"/>
    <property name="java.vm.name" value="Java HotSpot(TM) 64-Bit Server VM"/>
    <property name="file.encoding.pkg" value="sun.io"/>
    <property name="user.country" value="US"/>
    <property name="sun.java.launcher" value="SUN_STANDARD"/>
    <property name="sun.os.patch.level" value="unknown"/>
    <property name="java.vm.specification.name" value="Java Virtual Machine Specification"/>
    <property name="user.dir" value="/Users/ibm/Documents/Development/Samples/wxsutils"/>
    <property name="java.runtime.version" value="1.6.0_10-b33 13_Feb_2009_05_15 solaris sparc (SR4)"/>
    <property name="java.awt.graphicsenv" value="apple.awt.CGraphicsEnvironment"/>
    <property name="basedir" value="/Users/ibm/Documents/Development/Samples/wxsutils"/>
    <property name="java.endorsed.dirs" value="/Users/ibm/Documents/Development/og7001/lib/endorsed"/>
    <property name="os.arch" value="x86_64"/>
    <property name="javax.rmi.CORBA.StubClass" value="com.sun.corba.se.impl.javax.rmi.CORBA.StubDelegateImpl"/>
    <property name="java.io.tmpdir" value="/var/folders/xP/xP719TA0GYOqgk3Ud1U4yk+++TI/-Tmp-/"/>
    <property name="line.separator" value="
"/>
    <property name="java.vm.specification.vendor" value="Sun Microsystems Inc."/>
    <property name="os.name" value="Mac OS X"/>
    <property name="classworlds.conf" value="/usr/share/maven/bin/m2.conf"/>
    <property name="sun.jnu.encoding" value="MacRoman"/>
    <property name="com.ibm.websphere.zos.forcedist" value="true"/>
    <property name="java.library.path" value=".:/Library/Java/Extensions:/System/Library/Java/Extensions:/usr/lib/java"/>
    <property name="surefire.test.class.path" value="/Users/ibm/Documents/Development/Samples/wxsutils/target/test-classes:/Users/ibm/Documents/Development/Samples/wxsutils/target/classes:/Users/ibm/.m2/repository/junit/junit/4.7/junit-4.7.jar:/Users/ibm/.m2/repository/com/ibm/websphere/objectgrid/objectgrid-server/7.0.0.1/objectgrid-server-7.0.0.1.jar:"/>
    <property name="java.specification.name" value="Java Platform API Specification"/>
    <property name="java.class.version" value="50.0"/>
    <property name="sun.management.compiler" value="HotSpot 64-Bit Server Compiler"/>
    <property name="os.version" value="10.6.2"/>
    <property name="http.nonProxyHosts" value="local|*.local|169.254/16|*.169.254/16"/>
    <property name="user.home" value="/Users/ibm"/>
    <property name="user.timezone" value="America/Chicago"/>
    <property name="javax.rmi.CORBA.PortableRemoteObjectClass" value="com.sun.corba.se.impl.javax.rmi.PortableRemoteObject"/>
    <property name="java.awt.printerjob" value="apple.awt.CPrinterJob"/>
    <property name="java.specification.version" value="1.6"/>
    <property name="file.encoding" value="MacRoman"/>
    <property name="user.name" value="ibm"/>
    <property name="java.class.path" value="/usr/share/maven/boot/classworlds-1.1.jar"/>
    <property name="com.sun.management.jmxremote" value=""/>
    <property name="java.vm.specification.version" value="1.0"/>
    <property name="sun.arch.data.model" value="64"/>
    <property name="java.home" value="/System/Library/Frameworks/JavaVM.framework/Versions/1.6.0/Home"/>
    <property name="java.specification.vendor" value="Sun Microsystems Inc."/>
    <property name="user.language" value="en"/>
    <property name="awt.toolkit" value="apple.awt.CToolkit"/>
    <property name="java.vm.info" value="mixed mode"/>
    <property name="java.version" value="1.6.0_10"/>
    <property name="java.ext.dirs" value="/Library/Java/Extensions:/System/Library/Java/Extensions:/System/Library/Frameworks/JavaVM.framework/Versions/1.6.0/Home/lib/ext"/>
    <property name="sun.boot.class.path" value="/Users/ibm/Documents/Development/og7001/lib/endorsed/ibmcfw.jar:/Users/ibm/Documents/Development/og7001/lib/endorsed/ibmext.jar:/Users/ibm/Documents/Development/og7001/lib/endorsed/ibmorb.jar:/Users/ibm/Documents/Development/og7001/lib/endorsed/ibmorbapi.jar:/System/Library/Frameworks/JavaVM.framework/Versions/1.6.0/Classes/jsfd.jar:/System/Library/Frameworks/JavaVM.framework/Versions/1.6.0/Classes/classes.jar:/System/Library/Frameworks/JavaVM.framework/Frameworks/JavaRuntimeSupport.framework/Resources/Java/JavaRuntimeSupport.jar:/System/Library/Frameworks/JavaVM.framework/Versions/1.6.0/Classes/ui.jar:/System/Library/Frameworks/JavaVM.framework/Versions/1.6.0/Classes/laf.jar:/System/Library/Frameworks/JavaVM.framework/Versions/1.6.0/Classes/sunrsasign.jar:/System/Library/Frameworks/JavaVM.framework/Versions/1.6.0/Classes/jsse.jar:/System/Library/Frameworks/JavaVM.framework/Versions/1.6.0/Classes/jce.jar:/System/Library/Frameworks/JavaVM.framework/Versions/1.6.0/Classes/charsets.jar"/>
    <property name="java.vendor" value="Apple Inc."/>
    <property name="maven.home" value="/usr/share/maven"/>
    <property name="localRepository" value="/Users/ibm/.m2/repository"/>
    <property name="file.separator" value="/"/>
    <property name="java.vendor.url.bug" value="http://bugreport.apple.com/"/>
    <property name="sun.cpu.endian" value="little"/>
    <property name="sun.io.unicode.encoding" value="UnicodeLittle"/>
    <property name="mrj.version" value="1060.1.6.0_17-248"/>
    <property name="socksNonProxyHosts" value="local|*.local|169.254/16|*.169.254/16"/>
    <property name="ftp.nonProxyHosts" value="local|*.local|169.254/16|*.169.254/16"/>
    <property name="sun.cpu.isalist" value=""/>
  </properties>
  <testcase time="2.625" classname="com.devwebsphere.wxsutils.TestClientAPIs" name="testPutAll"/>
  <testcase time="38.649" classname="com.devwebsphere.wxsutils.TestClientAPIs" name="testPutRate"/>
</testsuite>